<?xml version="1.0" encoding="UTF-8"?>
<testsuite name="au.edu.sydney.soft3202.majorproject.TestNewFeature" tests="4" skipped="0" failures="0" errors="0" timestamp="2022-06-17T23:05:02" hostname="DESKTOP-760HHIN" time="0.002">
  <properties/>
  <testcase name="testMixSearchCreditsWithoutMock()" classname="au.edu.sydney.soft3202.majorproject.TestNewFeature" time="0.001"/>
  <testcase name="testSearchCreditsWithoutMock()" classname="au.edu.sydney.soft3202.majorproject.TestNewFeature" time="0.0"/>
  <testcase name="testCheckIntegerValidation()" classname="au.edu.sydney.soft3202.majorproject.TestNewFeature" time="0.0"/>
  <testcase name="testSimpleSearchCreditsWithoutMock()" classname="au.edu.sydney.soft3202.majorproject.TestNewFeature" time="0.001"/>
  <system-out><![CDATA[]]></system-out>
  <system-err><![CDATA[]]></system-err>
</testsuite>
