<?xml version="1.0" encoding="UTF-8"?>
<testsuite name="au.edu.sydney.soft3202.majorproject.TestSimpleParser" tests="4" skipped="0" failures="0" errors="0" timestamp="2022-06-17T23:05:02" hostname="DESKTOP-760HHIN" time="0.006">
  <properties/>
  <testcase name="testReadIconName()" classname="au.edu.sydney.soft3202.majorproject.TestSimpleParser" time="0.0"/>
  <testcase name="testParseDataToCityWeatherDetails()" classname="au.edu.sydney.soft3202.majorproject.TestSimpleParser" time="0.0"/>
  <testcase name="testParseDataToComboBox()" classname="au.edu.sydney.soft3202.majorproject.TestSimpleParser" time="0.002"/>
  <testcase name="testDataToCurrentChoice()" classname="au.edu.sydney.soft3202.majorproject.TestSimpleParser" time="0.002"/>
  <system-out><![CDATA[]]></system-out>
  <system-err><![CDATA[]]></system-err>
</testsuite>
